<?xml version="1.0" encoding="UTF-8"?>
<!-- Generated by org.testng.reporters.JUnitReportReporter -->
<testsuite hostname="LPT5128" failures="0" tests="1" name="actualCode.oauth" time="2.482" errors="0" timestamp="2024-08-07T17:00:11 IST" skipped="0">
  <testcase classname="actualCode.oauth" name="Poauth" time="2.482"/>
</testsuite> <!-- actualCode.oauth -->
